<?xml version="1.0" encoding="UTF-8"?>
<!-- Generated by org.testng.reporters.JUnitReportReporter -->
<testsuite hostname="LAPTOP-BFL3PLL7" failures="0" tests="3" name="com.actitime.testscript.ProjectModule" time="0.014" errors="0" timestamp="2023-08-07T13:53:06 IST" skipped="0">
  <testcase classname="com.actitime.testscript.ProjectModule" name="deleteTask" time="0.003">
    <system-out>
      <![CDATA[deleteTask]]>
    </system-out>
  </testcase> <!-- deleteTask -->
  <testcase classname="com.actitime.testscript.ProjectModule" name="createTask" time="0.010">
    <system-out>
      <![CDATA[createTask]]>
    </system-out>
  </testcase> <!-- createTask -->
  <testcase classname="com.actitime.testscript.ProjectModule" name="modifyTask" time="0.001">
    <system-out>
      <![CDATA[modifyTask]]>
    </system-out>
  </testcase> <!-- modifyTask -->
  <system-out>
    <![CDATA[createTask
deleteTask
modifyTask
createReport
deleteReport
modifyReport
createTask
deleteTask
modifyTask]]>
  </system-out>
</testsuite> <!-- com.actitime.testscript.ProjectModule -->
