<?xml version="1.0" encoding="UTF-8"?>
<!-- Generated by org.testng.reporters.JUnitReportReporter -->
<testsuite hostname="LAPTOP-BFL3PLL7" failures="0" tests="3" name="com.actitime.testscript.ReporterModule" time="0.006" errors="0" timestamp="2023-08-07T13:53:06 IST" skipped="0">
  <testcase classname="com.actitime.testscript.ReporterModule" name="modifyReport" time="0.003">
    <system-out>
      <![CDATA[modifyReport]]>
    </system-out>
  </testcase> <!-- modifyReport -->
  <testcase classname="com.actitime.testscript.ReporterModule" name="deleteReport" time="0.002">
    <system-out>
      <![CDATA[deleteReport]]>
    </system-out>
  </testcase> <!-- deleteReport -->
  <testcase classname="com.actitime.testscript.ReporterModule" name="createReport" time="0.001">
    <system-out>
      <![CDATA[createReport]]>
    </system-out>
  </testcase> <!-- createReport -->
  <system-out>
    <![CDATA[createTask
deleteTask
modifyTask
createReport
deleteReport
modifyReport
createTask
deleteTask
modifyTask]]>
  </system-out>
</testsuite> <!-- com.actitime.testscript.ReporterModule -->
